<?xml version="1.0" encoding="UTF-8"?>
<testng-results ignored="6" total="10" passed="4" failed="0" skipped="0">
  <reporter-output>
  </reporter-output>
  <suite started-at="2023-07-10T15:26:24 IST" name="Suite" finished-at="2023-07-10T15:29:07 IST" duration-ms="163145">
    <groups>
      <group name="smoke test">
        <method signature="TestScript_Placeorder_Ckeck_test.place_order()[pri:0, instance:com.Onbuy.com.TestNG.TestScript_Placeorder_Ckeck_test@33065d67]" name="place_order" class="com.Onbuy.com.TestNG.TestScript_Placeorder_Ckeck_test"/>
        <method signature="TestScript_Placeorder_Ckeck_test.Change_order_status()[pri:0, instance:com.Onbuy.com.TestNG.TestScript_Placeorder_Ckeck_test@33065d67]" name="Change_order_status" class="com.Onbuy.com.TestNG.TestScript_Placeorder_Ckeck_test"/>
      </group> <!-- smoke test -->
      <group name="reg test">
        <method signature="TestScript_Placeorder_test.update_bill_add()[pri:0, instance:com.Onbuy.com.TestNG.TestScript_Placeorder_test@3a7442c7]" name="update_bill_add" class="com.Onbuy.com.TestNG.TestScript_Placeorder_test"/>
        <method signature="TsetScript_bill_add_update_test.Update_billadd_test()[pri:0, instance:com.Onbuy.com.TestNG.TsetScript_bill_add_update_test@7161d8d1]" name="Update_billadd_test" class="com.Onbuy.com.TestNG.TsetScript_bill_add_update_test"/>
        <method signature="testscript_Ship_add_update_test.update_bill_add()[pri:0, instance:com.Onbuy.com.TestNG.testscript_Ship_add_update_test@4be29ed9]" name="update_bill_add" class="com.Onbuy.com.TestNG.testscript_Ship_add_update_test"/>
      </group> <!-- reg test -->
    </groups>
    <test started-at="2023-07-10T15:26:24 IST" name="Test" finished-at="2023-07-10T15:29:07 IST" duration-ms="163145">
      <class name="com.Onbuy.com.TestNG.testscript_Ship_add_update_test">
        <test-method is-config="true" signature="opentheBrowser()[pri:0, instance:com.Onbuy.com.TestNG.testscript_Ship_add_update_test@4be29ed9]" started-at="2023-07-10T15:26:24 IST" name="opentheBrowser" finished-at="2023-07-10T15:27:19 IST" duration-ms="54624" status="PASS">
          <reporter-output>
          </reporter-output>
        </test-method> <!-- opentheBrowser -->
        <test-method is-config="true" signature="loginToApp()[pri:0, instance:com.Onbuy.com.TestNG.testscript_Ship_add_update_test@4be29ed9]" started-at="2023-07-10T15:27:19 IST" name="loginToApp" finished-at="2023-07-10T15:27:19 IST" duration-ms="1" status="PASS">
          <reporter-output>
          </reporter-output>
        </test-method> <!-- loginToApp -->
        <test-method signature="update_bill_add()[pri:0, instance:com.Onbuy.com.TestNG.testscript_Ship_add_update_test@4be29ed9]" started-at="2023-07-10T15:27:19 IST" name="update_bill_add" finished-at="2023-07-10T15:28:29 IST" duration-ms="70789" status="PASS">
          <reporter-output>
          </reporter-output>
        </test-method> <!-- update_bill_add -->
        <test-method is-config="true" signature="logoutToApp()[pri:0, instance:com.Onbuy.com.TestNG.testscript_Ship_add_update_test@4be29ed9]" started-at="2023-07-10T15:28:29 IST" name="logoutToApp" finished-at="2023-07-10T15:28:29 IST" duration-ms="0" status="PASS">
          <reporter-output>
          </reporter-output>
        </test-method> <!-- logoutToApp -->
        <test-method is-config="true" signature="closeTheBrowser()[pri:0, instance:com.Onbuy.com.TestNG.testscript_Ship_add_update_test@4be29ed9]" started-at="2023-07-10T15:28:29 IST" name="closeTheBrowser" finished-at="2023-07-10T15:28:47 IST" duration-ms="17085" status="PASS">
          <reporter-output>
          </reporter-output>
        </test-method> <!-- closeTheBrowser -->
      </class> <!-- com.Onbuy.com.TestNG.testscript_Ship_add_update_test -->
      <class name="com.Onbuy.com.TestNG.TsetScript_bill_add_update_test">
        <test-method is-config="true" signature="openDB()[pri:0, instance:com.Onbuy.com.TestNG.TsetScript_bill_add_update_test@7161d8d1]" started-at="2023-07-10T15:26:24 IST" name="openDB" finished-at="2023-07-10T15:26:24 IST" duration-ms="87" status="PASS">
          <reporter-output>
          </reporter-output>
        </test-method> <!-- openDB -->
        <test-method is-config="true" signature="opentheBrowser()[pri:0, instance:com.Onbuy.com.TestNG.TsetScript_bill_add_update_test@7161d8d1]" started-at="2023-07-10T15:26:24 IST" name="opentheBrowser" finished-at="2023-07-10T15:27:19 IST" duration-ms="54621" status="PASS">
          <reporter-output>
          </reporter-output>
        </test-method> <!-- opentheBrowser -->
        <test-method is-config="true" signature="loginToApp()[pri:0, instance:com.Onbuy.com.TestNG.TsetScript_bill_add_update_test@7161d8d1]" started-at="2023-07-10T15:27:19 IST" name="loginToApp" finished-at="2023-07-10T15:27:19 IST" duration-ms="1" status="PASS">
          <reporter-output>
          </reporter-output>
        </test-method> <!-- loginToApp -->
        <test-method signature="Update_billadd_test()[pri:0, instance:com.Onbuy.com.TestNG.TsetScript_bill_add_update_test@7161d8d1]" started-at="2023-07-10T15:27:19 IST" name="Update_billadd_test" finished-at="2023-07-10T15:28:29 IST" duration-ms="70081" status="PASS">
          <reporter-output>
          </reporter-output>
        </test-method> <!-- Update_billadd_test -->
        <test-method is-config="true" signature="logoutToApp()[pri:0, instance:com.Onbuy.com.TestNG.TsetScript_bill_add_update_test@7161d8d1]" started-at="2023-07-10T15:28:29 IST" name="logoutToApp" finished-at="2023-07-10T15:28:29 IST" duration-ms="0" status="PASS">
          <reporter-output>
          </reporter-output>
        </test-method> <!-- logoutToApp -->
        <test-method is-config="true" signature="closeTheBrowser()[pri:0, instance:com.Onbuy.com.TestNG.TsetScript_bill_add_update_test@7161d8d1]" started-at="2023-07-10T15:28:29 IST" name="closeTheBrowser" finished-at="2023-07-10T15:28:47 IST" duration-ms="18174" status="PASS">
          <reporter-output>
          </reporter-output>
        </test-method> <!-- closeTheBrowser -->
        <test-method is-config="true" signature="closeDB()[pri:0, instance:com.Onbuy.com.TestNG.TsetScript_bill_add_update_test@7161d8d1]" started-at="2023-07-10T15:29:08 IST" name="closeDB" finished-at="2023-07-10T15:29:08 IST" duration-ms="1" status="PASS">
          <reporter-output>
          </reporter-output>
        </test-method> <!-- closeDB -->
      </class> <!-- com.Onbuy.com.TestNG.TsetScript_bill_add_update_test -->
      <class name="com.Onbuy.com.TestNG.TestScript_Placeorder_test">
        <test-method is-config="true" signature="opentheBrowser()[pri:0, instance:com.Onbuy.com.TestNG.TestScript_Placeorder_test@3a7442c7]" started-at="2023-07-10T15:26:24 IST" name="opentheBrowser" finished-at="2023-07-10T15:27:19 IST" duration-ms="54624" status="PASS">
          <reporter-output>
          </reporter-output>
        </test-method> <!-- opentheBrowser -->
        <test-method is-config="true" signature="loginToApp()[pri:0, instance:com.Onbuy.com.TestNG.TestScript_Placeorder_test@3a7442c7]" started-at="2023-07-10T15:27:19 IST" name="loginToApp" finished-at="2023-07-10T15:27:19 IST" duration-ms="3" status="PASS">
          <reporter-output>
          </reporter-output>
        </test-method> <!-- loginToApp -->
        <test-method signature="update_bill_add()[pri:0, instance:com.Onbuy.com.TestNG.TestScript_Placeorder_test@3a7442c7]" started-at="2023-07-10T15:27:19 IST" name="update_bill_add" finished-at="2023-07-10T15:28:39 IST" duration-ms="80595" status="PASS">
          <reporter-output>
          </reporter-output>
        </test-method> <!-- update_bill_add -->
        <test-method is-config="true" signature="logoutToApp()[pri:0, instance:com.Onbuy.com.TestNG.TestScript_Placeorder_test@3a7442c7]" started-at="2023-07-10T15:28:39 IST" name="logoutToApp" finished-at="2023-07-10T15:28:39 IST" duration-ms="0" status="PASS">
          <reporter-output>
          </reporter-output>
        </test-method> <!-- logoutToApp -->
        <test-method is-config="true" signature="closeTheBrowser()[pri:0, instance:com.Onbuy.com.TestNG.TestScript_Placeorder_test@3a7442c7]" started-at="2023-07-10T15:28:39 IST" name="closeTheBrowser" finished-at="2023-07-10T15:28:47 IST" duration-ms="7687" status="PASS">
          <reporter-output>
          </reporter-output>
        </test-method> <!-- closeTheBrowser -->
      </class> <!-- com.Onbuy.com.TestNG.TestScript_Placeorder_test -->
      <class name="com.Onbuy.com.TestNG.TestScript_Placeorder_Ckeck_test">
        <test-method is-config="true" signature="opentheBrowser()[pri:0, instance:com.Onbuy.com.TestNG.TestScript_Placeorder_Ckeck_test@33065d67]" started-at="2023-07-10T15:26:24 IST" name="opentheBrowser" finished-at="2023-07-10T15:27:19 IST" duration-ms="54602" status="PASS">
          <reporter-output>
          </reporter-output>
        </test-method> <!-- opentheBrowser -->
        <test-method is-config="true" signature="loginToApp()[pri:0, instance:com.Onbuy.com.TestNG.TestScript_Placeorder_Ckeck_test@33065d67]" started-at="2023-07-10T15:27:19 IST" name="loginToApp" finished-at="2023-07-10T15:27:19 IST" duration-ms="0" status="PASS">
          <reporter-output>
          </reporter-output>
        </test-method> <!-- loginToApp -->
        <test-method signature="place_order()[pri:0, instance:com.Onbuy.com.TestNG.TestScript_Placeorder_Ckeck_test@33065d67]" started-at="2023-07-10T15:27:19 IST" name="place_order" finished-at="2023-07-10T15:28:36 IST" duration-ms="77534" status="PASS">
          <reporter-output>
          </reporter-output>
        </test-method> <!-- place_order -->
        <test-method is-config="true" signature="logoutToApp()[pri:0, instance:com.Onbuy.com.TestNG.TestScript_Placeorder_Ckeck_test@33065d67]" started-at="2023-07-10T15:28:36 IST" name="logoutToApp" finished-at="2023-07-10T15:28:36 IST" duration-ms="0" status="PASS">
          <reporter-output>
          </reporter-output>
        </test-method> <!-- logoutToApp -->
        <test-method is-config="true" signature="loginToApp()[pri:0, instance:com.Onbuy.com.TestNG.TestScript_Placeorder_Ckeck_test@33065d67]" started-at="2023-07-10T15:28:36 IST" name="loginToApp" finished-at="2023-07-10T15:28:36 IST" duration-ms="1" status="PASS">
          <reporter-output>
          </reporter-output>
        </test-method> <!-- loginToApp -->
        <test-method is-config="true" signature="closeTheBrowser()[pri:0, instance:com.Onbuy.com.TestNG.TestScript_Placeorder_Ckeck_test@33065d67]" started-at="2023-07-10T15:29:07 IST" name="closeTheBrowser" finished-at="2023-07-10T15:29:07 IST" duration-ms="156" status="PASS">
          <reporter-output>
          </reporter-output>
        </test-method> <!-- closeTheBrowser -->
      </class> <!-- com.Onbuy.com.TestNG.TestScript_Placeorder_Ckeck_test -->
    </test> <!-- Test -->
  </suite> <!-- Suite -->
</testng-results>
