<?xml version="1.0" encoding="UTF-8"?>
<!-- Generated by org.testng.reporters.JUnitXMLReporter -->
<testsuite ignored="2" hostname="DESKTOP-UJGAVL8" failures="0" tests="2" name="firefoxbrowser" time="78.265" errors="0" timestamp="2023-07-10T15:12:11 IST">
  <testcase classname="com.Onbuy.com.TestNG.TsetScript_bill_add_update_test" name="Update_billadd_test" time="32.779"/>
  <testcase classname="com.Onbuy.com.TestNG.TestScript_Placeorder_test" name="update_bill_add" time="36.79"/>
  <testcase classname="com.Onbuy.com_Utilityclasses.Base_class" name="@BeforeSuite openDB" time="0.0">
    <ignored/>
  </testcase> <!-- @BeforeSuite openDB -->
  <testcase classname="com.Onbuy.com_Utilityclasses.Base_class" name="@AfterSuite closeDB" time="0.0">
    <ignored/>
  </testcase> <!-- @AfterSuite closeDB -->
</testsuite> <!-- firefoxbrowser -->
