<?xml version="1.0" encoding="UTF-8"?>
<!-- Generated by org.testng.reporters.JUnitXMLReporter -->
<testsuite ignored="6" hostname="DESKTOP-UJGAVL8" failures="0" tests="4" name="Test" time="163.145" errors="0" timestamp="2023-07-10T15:29:08 IST">
  <testcase classname="com.Onbuy.com.TestNG.TsetScript_bill_add_update_test" name="Update_billadd_test" time="70.081"/>
  <testcase classname="com.Onbuy.com.TestNG.testscript_Ship_add_update_test" name="update_bill_add" time="70.789"/>
  <testcase classname="com.Onbuy.com.TestNG.TestScript_Placeorder_Ckeck_test" name="place_order" time="77.534"/>
  <testcase classname="com.Onbuy.com.TestNG.TestScript_Placeorder_test" name="update_bill_add" time="80.595"/>
  <testcase classname="com.Onbuy.com_Utilityclasses.Base_class" name="@BeforeSuite openDB" time="0.0">
    <ignored/>
  </testcase> <!-- @BeforeSuite openDB -->
  <testcase classname="com.Onbuy.com_Utilityclasses.Base_class" name="@BeforeSuite openDB" time="0.0">
    <ignored/>
  </testcase> <!-- @BeforeSuite openDB -->
  <testcase classname="com.Onbuy.com_Utilityclasses.Base_class" name="@BeforeSuite openDB" time="0.0">
    <ignored/>
  </testcase> <!-- @BeforeSuite openDB -->
  <testcase classname="com.Onbuy.com_Utilityclasses.Base_class" name="@AfterSuite closeDB" time="0.0">
    <ignored/>
  </testcase> <!-- @AfterSuite closeDB -->
  <testcase classname="com.Onbuy.com_Utilityclasses.Base_class" name="@AfterSuite closeDB" time="0.0">
    <ignored/>
  </testcase> <!-- @AfterSuite closeDB -->
  <testcase classname="com.Onbuy.com_Utilityclasses.Base_class" name="@AfterSuite closeDB" time="0.0">
    <ignored/>
  </testcase> <!-- @AfterSuite closeDB -->
</testsuite> <!-- Test -->
